# JRE version: Java(TM) SE Runtime Environment (8.0_66-b18) (build 1.8.0_66-b18)
# Java VM: Java HotSpot(TM) 64-Bit Server VM (25.66-b18 mixed mode windows-amd64 compressed oops)
Heap:
 PSYoungGen      total 114688K, used 6304K [0x00000000eab00000, 0x00000000f5600000, 0x0000000100000000)
  eden space 98816K, 0% used [0x00000000eab00000,0x00000000eab00000,0x00000000f0b80000)
  from space 15872K, 39% used [0x00000000f0b80000,0x00000000f11a8010,0x00000000f1b00000)
  to   space 15360K, 0% used [0x00000000f4700000,0x00000000f4700000,0x00000000f5600000)
 ParOldGen       total 57856K, used 19342K [0x00000000c0000000, 0x00000000c3880000, 0x00000000eab00000)
  object space 57856K, 33% used [0x00000000c0000000,0x00000000c12e3ba8,0x00000000c3880000)
 Metaspace       used 34336K, capacity 35344K, committed 35416K, reserved 1079296K
  class space    used 4525K, capacity 4930K, committed 4952K, reserved 1048576K
GC Heap History (10 events):
Event: 25.335 GC heap after
Heap after GC invocations=8 (full 1):
 PSYoungGen      total 54272K, used 1200K [0x00000000eab00000, 0x00000000f0a80000, 0x0000000100000000)
  eden space 43008K, 0% used [0x00000000eab00000,0x00000000eab00000,0x00000000ed500000)
  from space 11264K, 10% used [0x00000000ed500000,0x00000000ed62c030,0x00000000ee000000)
  to   space 11264K, 0% used [0x00000000eff80000,0x00000000eff80000,0x00000000f0a80000)
 ParOldGen       total 57856K, used 8651K [0x00000000c0000000, 0x00000000c3880000, 0x00000000eab00000)
  object space 57856K, 14% used [0x00000000c0000000,0x00000000c0872cd8,0x00000000c3880000)
 Metaspace       used 21568K, capacity 21970K, committed 22016K, reserved 1069056K
  class space    used 2903K, capacity 3047K, committed 3072K, reserved 1048576K
}
Event: 33.748 GC heap before
{Heap before GC invocations=9 (full 1):
 PSYoungGen      total 54272K, used 44208K [0x00000000eab00000, 0x00000000f0a80000, 0x0000000100000000)
  eden space 43008K, 100% used [0x00000000eab00000,0x00000000ed500000,0x00000000ed500000)
  from space 11264K, 10% used [0x00000000ed500000,0x00000000ed62c030,0x00000000ee000000)
  to   space 11264K, 0% used [0x00000000eff80000,0x00000000eff80000,0x00000000f0a80000)
 ParOldGen       total 57856K, used 8651K [0x00000000c0000000, 0x00000000c3880000, 0x00000000eab00000)
  object space 57856K, 14% used [0x00000000c0000000,0x00000000c0872cd8,0x00000000c3880000)
 Metaspace       used 23949K, capacity 24618K, committed 24960K, reserved 1071104K
  class space    used 3098K, capacity 3358K, committed 3456K, reserved 1048576K
Event: 33.806 GC heap after
Heap after GC invocations=9 (full 1):
 PSYoungGen      total 81408K, used 5464K [0x00000000eab00000, 0x00000000f0780000, 0x0000000100000000)
  eden space 73216K, 0% used [0x00000000eab00000,0x00000000eab00000,0x00000000ef280000)
  from space 8192K, 66% used [0x00000000eff80000,0x00000000f04d6370,0x00000000f0780000)
  to   space 10752K, 0% used [0x00000000ef280000,0x00000000ef280000,0x00000000efd00000)
 ParOldGen       total 57856K, used 8659K [0x00000000c0000000, 0x00000000c3880000, 0x00000000eab00000)
  object space 57856K, 14% used [0x00000000c0000000,0x00000000c0874cd8,0x00000000c3880000)
 Metaspace       used 23949K, capacity 24618K, committed 24960K, reserved 1071104K
  class space    used 3098K, capacity 3358K, committed 3456K, reserved 1048576K
}
Event: 66.253 GC heap before
{Heap before GC invocations=10 (full 1):
 PSYoungGen      total 81408K, used 78680K [0x00000000eab00000, 0x00000000f0780000, 0x0000000100000000)
  eden space 73216K, 100% used [0x00000000eab00000,0x00000000ef280000,0x00000000ef280000)
  from space 8192K, 66% used [0x00000000eff80000,0x00000000f04d6370,0x00000000f0780000)
  to   space 10752K, 0% used [0x00000000ef280000,0x00000000ef280000,0x00000000efd00000)
 ParOldGen       total 57856K, used 8659K [0x00000000c0000000, 0x00000000c3880000, 0x00000000eab00000)
  object space 57856K, 14% used [0x00000000c0000000,0x00000000c0874cd8,0x00000000c3880000)
 Metaspace       used 29218K, capacity 30074K, committed 30336K, reserved 1075200K
  class space    used 3798K, capacity 4120K, committed 4224K, reserved 1048576K
Event: 66.290 GC heap after
Heap after GC invocations=10 (full 1):
 PSYoungGen      total 83968K, used 10492K [0x00000000eab00000, 0x00000000f2780000, 0x0000000100000000)
  eden space 73216K, 0% used [0x00000000eab00000,0x00000000eab00000,0x00000000ef280000)
  from space 10752K, 97% used [0x00000000ef280000,0x00000000efcbf1c8,0x00000000efd00000)
  to   space 12800K, 0% used [0x00000000f1b00000,0x00000000f1b00000,0x00000000f2780000)
 ParOldGen       total 57856K, used 9495K [0x00000000c0000000, 0x00000000c3880000, 0x00000000eab00000)
  object space 57856K, 16% used [0x00000000c0000000,0x00000000c0945d28,0x00000000c3880000)
 Metaspace       used 29218K, capacity 30074K, committed 30336K, reserved 1075200K
  class space    used 3798K, capacity 4120K, committed 4224K, reserved 1048576K
}
Event: 98.701 GC heap before
{Heap before GC invocations=11 (full 1):
 PSYoungGen      total 83968K, used 83708K [0x00000000eab00000, 0x00000000f2780000, 0x0000000100000000)
  eden space 73216K, 100% used [0x00000000eab00000,0x00000000ef280000,0x00000000ef280000)
  from space 10752K, 97% used [0x00000000ef280000,0x00000000efcbf1c8,0x00000000efd00000)
  to   space 12800K, 0% used [0x00000000f1b00000,0x00000000f1b00000,0x00000000f2780000)
 ParOldGen       total 57856K, used 9495K [0x00000000c0000000, 0x00000000c3880000, 0x00000000eab00000)
  object space 57856K, 16% used [0x00000000c0000000,0x00000000c0945d28,0x00000000c3880000)
 Metaspace       used 34114K, capacity 35110K, committed 35416K, reserved 1079296K
  class space    used 4496K, capacity 4896K, committed 4952K, reserved 1048576K
Event: 98.834 GC heap after
Heap after GC invocations=11 (full 1):
 PSYoungGen      total 111616K, used 12799K [0x00000000eab00000, 0x00000000f2b00000, 0x0000000100000000)
  eden space 98816K, 0% used [0x00000000eab00000,0x00000000eab00000,0x00000000f0b80000)
  from space 12800K, 99% used [0x00000000f1b00000,0x00000000f277fec0,0x00000000f2780000)
  to   space 15872K, 0% used [0x00000000f0b80000,0x00000000f0b80000,0x00000000f1b00000)
 ParOldGen       total 57856K, used 13028K [0x00000000c0000000, 0x00000000c3880000, 0x00000000eab00000)
  object space 57856K, 22% used [0x00000000c0000000,0x00000000c0cb9098,0x00000000c3880000)
 Metaspace       used 34114K, capacity 35110K, committed 35416K, reserved 1079296K
  class space    used 4496K, capacity 4896K, committed 4952K, reserved 1048576K
}
Event: 99.236 GC heap before
{Heap before GC invocations=12 (full 1):
 PSYoungGen      total 111616K, used 18626K [0x00000000eab00000, 0x00000000f2b00000, 0x0000000100000000)
  eden space 98816K, 5% used [0x00000000eab00000,0x00000000eb0b0cd8,0x00000000f0b80000)
  from space 12800K, 99% used [0x00000000f1b00000,0x00000000f277fec0,0x00000000f2780000)
  to   space 15872K, 0% used [0x00000000f0b80000,0x00000000f0b80000,0x00000000f1b00000)
 ParOldGen       total 57856K, used 13028K [0x00000000c0000000, 0x00000000c3880000, 0x00000000eab00000)
  object space 57856K, 22% used [0x00000000c0000000,0x00000000c0cb9098,0x00000000c3880000)
 Metaspace       used 34336K, capacity 35344K, committed 35416K, reserved 1079296K
  class space    used 4525K, capacity 4930K, committed 4952K, reserved 1048576K
Event: 99.269 GC heap after
Heap after GC invocations=12 (full 1):
 PSYoungGen      total 114688K, used 6304K [0x00000000eab00000, 0x00000000f5600000, 0x0000000100000000)
  eden space 98816K, 0% used [0x00000000eab00000,0x00000000eab00000,0x00000000f0b80000)
  from space 15872K, 39% used [0x00000000f0b80000,0x00000000f11a8010,0x00000000f1b00000)
  to   space 15360K, 0% used [0x00000000f4700000,0x00000000f4700000,0x00000000f5600000)
 ParOldGen       total 57856K, used 19342K [0x00000000c0000000, 0x00000000c3880000, 0x00000000eab00000)
  object space 57856K, 33% used [0x00000000c0000000,0x00000000c12e3ba8,0x00000000c3880000)
 Metaspace       used 34336K, capacity 35344K, committed 35416K, reserved 1079296K
  class space    used 4525K, capacity 4930K, committed 4952K, reserved 1048576K
}
Event: 99.269 GC heap before
{Heap before GC invocations=13 (full 2):
 PSYoungGen      total 114688K, used 6304K [0x00000000eab00000, 0x00000000f5600000, 0x0000000100000000)
  eden space 98816K, 0% used [0x00000000eab00000,0x00000000eab00000,0x00000000f0b80000)
  from space 15872K, 39% used [0x00000000f0b80000,0x00000000f11a8010,0x00000000f1b00000)
  to   space 15360K, 0% used [0x00000000f4700000,0x00000000f4700000,0x00000000f5600000)
 ParOldGen       total 57856K, used 19342K [0x00000000c0000000, 0x00000000c3880000, 0x00000000eab00000)
  object space 57856K, 33% used [0x00000000c0000000,0x00000000c12e3ba8,0x00000000c3880000)
 Metaspace       used 34336K, capacity 35344K, committed 35416K, reserved 1079296K
  class space    used 4525K, capacity 4930K, committed 4952K, reserved 1048576K

